<?xml version="1.0" encoding="UTF-8" ?>
<testsuite tests="4" failures="1" name="TestSuite" time="0.448" errors="0" skipped="0">
  <properties>
[...]
</properties>
  <testcase classname="Selenium.demoqa.tests.ElementsPageTest" name="verifyClickOnWebTablesOption" time="0.166">
    <failure message="&apos;Web Tables&apos; option should be visible expected [true] but found [false]" type="java.lang.AssertionError">java.lang.AssertionError: &apos;Web Tables&apos; option should be visible expected [true] but found [false]
	at org.testng.Assert.fail(Assert.java:111)
	at org.testng.Assert.failNotEquals(Assert.java:1590)
	at org.testng.Assert.assertTrue(Assert.java:57)
	at Selenium.demoqa.tests.ElementsPageTest.verifyClickOnWebTablesOption(ElementsPageTest.java:45)
</failure>
    <system-out>Configuring TestNG with: org.apache.maven.surefire.testng.conf.TestNG652Configurator@27f674d
2025-06-18 11:14:52 [main] INFO  Base - Launching browser: edge
2025-06-18 11:15:01 [main] INFO  Base - Navigated to: https://demoqa.com/books
2025-06-18 11:15:01 [main] INFO  ElementsPageTest - Test: Click on &apos;Web Tables&apos; option from Elements page
2025-06-18 11:15:01 [main] INFO  HomePage - HomePage initialized with PageFactory
2025-06-18 11:15:01 [main] INFO  HomePage - Clicking card: elements
2025-06-18 11:15:01 [main] INFO  ElementsPageTest - Navigated to Elements section
2025-06-18 11:15:01 [main] INFO  ElementsPage - ElementsPage initialized using PageFactory
2025-06-18 11:15:01 [main] INFO  ElementsPage - Checking visibility of element option: web tables
</system-out>
    <system-err>SLF4J(W): No SLF4J providers were found.
SLF4J(W): Defaulting to no-operation (NOP) logger implementation
SLF4J(W): See https://www.slf4j.org/codes.html#noProviders for further details.
</system-err>
  </testcase>
  <testcase classname="Selenium.demoqa.tests.ElementsPageTest" name="verifyElementsPageLoadsAndTextBoxOptionIsVisible" time="0.15"/>
  <testcase classname="Selenium.demoqa.tests.HomePageTest" name="verifyElementsCardIsVisibleAndClickable" time="0.091"/>
  <testcase classname="Selenium.demoqa.tests.HomePageTest" name="verifyHomePageLoadsSuccessfully" time="0.041"/>
</testsuite>